1709119088.351529 client started (66730): version 3.3a, socket /tmp/tmux-4207398/default, protocol 8
1709119088.351569 on Linux 6.7.4-100.fc38.x86_64 #1 SMP PREEMPT_DYNAMIC Mon Feb  5 22:19:06 UTC 2024
1709119088.351585 using libevent 2.1.12-stable (poll); ncurses 6.4
1709119088.351615 flags are 0x10010000
1709119088.351623 socket is /tmp/tmux-4207398/default
1709119088.351651 trying connect
1709119088.352729 add peer 0x55a94c1462d0: 6 ((nil))
1709119088.357110 sending message 100 to peer 0x55a94c1462d0 (4 bytes)
1709119088.357143 sending message 111 to peer 0x55a94c1462d0 (8 bytes)
1709119088.357154 sending message 101 to peer 0x55a94c1462d0 (14 bytes)
1709119088.357162 sending message 109 to peer 0x55a94c1462d0 (4 bytes)
1709119088.357170 sending message 102 to peer 0x55a94c1462d0 (11 bytes)
1709119088.357177 sending message 108 to peer 0x55a94c1462d0 (43 bytes)
1709119088.357184 sending message 112 to peer 0x55a94c1462d0 (70 bytes)
1709119088.357192 sending message 112 to peer 0x55a94c1462d0 (5 bytes)
1709119088.357200 sending message 112 to peer 0x55a94c1462d0 (5 bytes)
1709119088.357207 sending message 112 to peer 0x55a94c1462d0 (6 bytes)
1709119088.357215 sending message 112 to peer 0x55a94c1462d0 (6 bytes)
1709119088.357222 sending message 112 to peer 0x55a94c1462d0 (11 bytes)
1709119088.357230 sending message 112 to peer 0x55a94c1462d0 (10 bytes)
1709119088.357238 sending message 112 to peer 0x55a94c1462d0 (13 bytes)
1709119088.357245 sending message 112 to peer 0x55a94c1462d0 (13 bytes)
1709119088.357252 sending message 112 to peer 0x55a94c1462d0 (18 bytes)
1709119088.357258 sending message 112 to peer 0x55a94c1462d0 (11 bytes)
1709119088.357265 sending message 112 to peer 0x55a94c1462d0 (10 bytes)
1709119088.357271 sending message 112 to peer 0x55a94c1462d0 (15 bytes)
1709119088.357278 sending message 112 to peer 0x55a94c1462d0 (21 bytes)
1709119088.357285 sending message 112 to peer 0x55a94c1462d0 (13 bytes)
1709119088.357292 sending message 112 to peer 0x55a94c1462d0 (7 bytes)
1709119088.357300 sending message 112 to peer 0x55a94c1462d0 (13 bytes)
1709119088.357308 sending message 112 to peer 0x55a94c1462d0 (7 bytes)
1709119088.357316 sending message 112 to peer 0x55a94c1462d0 (13 bytes)
1709119088.357324 sending message 112 to peer 0x55a94c1462d0 (9 bytes)
1709119088.357331 sending message 112 to peer 0x55a94c1462d0 (21 bytes)
1709119088.357339 sending message 112 to peer 0x55a94c1462d0 (13 bytes)
1709119088.357347 sending message 112 to peer 0x55a94c1462d0 (8 bytes)
1709119088.357354 sending message 112 to peer 0x55a94c1462d0 (12 bytes)
1709119088.357361 sending message 112 to peer 0x55a94c1462d0 (13 bytes)
1709119088.357368 sending message 112 to peer 0x55a94c1462d0 (9 bytes)
1709119088.357375 sending message 112 to peer 0x55a94c1462d0 (9 bytes)
1709119088.357383 sending message 112 to peer 0x55a94c1462d0 (12 bytes)
1709119088.357391 sending message 112 to peer 0x55a94c1462d0 (8 bytes)
1709119088.357399 sending message 112 to peer 0x55a94c1462d0 (8 bytes)
1709119088.357407 sending message 112 to peer 0x55a94c1462d0 (7 bytes)
1709119088.357415 sending message 112 to peer 0x55a94c1462d0 (7 bytes)
1709119088.357423 sending message 112 to peer 0x55a94c1462d0 (9 bytes)
1709119088.357431 sending message 112 to peer 0x55a94c1462d0 (13 bytes)
1709119088.357438 sending message 112 to peer 0x55a94c1462d0 (6 bytes)
1709119088.357445 sending message 112 to peer 0x55a94c1462d0 (9 bytes)
1709119088.357452 sending message 112 to peer 0x55a94c1462d0 (15 bytes)
1709119088.357461 sending message 112 to peer 0x55a94c1462d0 (13 bytes)
1709119088.357469 sending message 112 to peer 0x55a94c1462d0 (12 bytes)
1709119088.357477 sending message 112 to peer 0x55a94c1462d0 (8 bytes)
1709119088.357485 sending message 112 to peer 0x55a94c1462d0 (14 bytes)
1709119088.357494 sending message 112 to peer 0x55a94c1462d0 (11 bytes)
1709119088.357501 sending message 112 to peer 0x55a94c1462d0 (9 bytes)
1709119088.357508 sending message 112 to peer 0x55a94c1462d0 (10 bytes)
1709119088.357516 sending message 112 to peer 0x55a94c1462d0 (10 bytes)
1709119088.357548 sending message 112 to peer 0x55a94c1462d0 (10 bytes)
1709119088.357557 sending message 112 to peer 0x55a94c1462d0 (10 bytes)
1709119088.357564 sending message 112 to peer 0x55a94c1462d0 (11 bytes)
1709119088.357571 sending message 112 to peer 0x55a94c1462d0 (12 bytes)
1709119088.357578 sending message 112 to peer 0x55a94c1462d0 (12 bytes)
1709119088.357586 sending message 112 to peer 0x55a94c1462d0 (12 bytes)
1709119088.357594 sending message 112 to peer 0x55a94c1462d0 (12 bytes)
1709119088.357601 sending message 112 to peer 0x55a94c1462d0 (12 bytes)
1709119088.357608 sending message 112 to peer 0x55a94c1462d0 (11 bytes)
1709119088.357615 sending message 112 to peer 0x55a94c1462d0 (11 bytes)
1709119088.357623 sending message 112 to peer 0x55a94c1462d0 (12 bytes)
1709119088.357630 sending message 112 to peer 0x55a94c1462d0 (12 bytes)
1709119088.357638 sending message 112 to peer 0x55a94c1462d0 (12 bytes)
1709119088.357646 sending message 112 to peer 0x55a94c1462d0 (12 bytes)
1709119088.357653 sending message 112 to peer 0x55a94c1462d0 (12 bytes)
1709119088.357660 sending message 112 to peer 0x55a94c1462d0 (10 bytes)
1709119088.357667 sending message 112 to peer 0x55a94c1462d0 (12 bytes)
1709119088.357673 sending message 112 to peer 0x55a94c1462d0 (13 bytes)
1709119088.357680 sending message 112 to peer 0x55a94c1462d0 (13 bytes)
1709119088.357689 sending message 112 to peer 0x55a94c1462d0 (13 bytes)
1709119088.357697 sending message 112 to peer 0x55a94c1462d0 (13 bytes)
1709119088.357705 sending message 112 to peer 0x55a94c1462d0 (13 bytes)
1709119088.357712 sending message 112 to peer 0x55a94c1462d0 (8 bytes)
1709119088.357719 sending message 112 to peer 0x55a94c1462d0 (11 bytes)
1709119088.357725 sending message 112 to peer 0x55a94c1462d0 (11 bytes)
1709119088.357732 sending message 112 to peer 0x55a94c1462d0 (11 bytes)
1709119088.357740 sending message 112 to peer 0x55a94c1462d0 (12 bytes)
1709119088.357747 sending message 112 to peer 0x55a94c1462d0 (12 bytes)
1709119088.357755 sending message 112 to peer 0x55a94c1462d0 (12 bytes)
1709119088.357763 sending message 112 to peer 0x55a94c1462d0 (12 bytes)
1709119088.357770 sending message 112 to peer 0x55a94c1462d0 (13 bytes)
1709119088.357777 sending message 112 to peer 0x55a94c1462d0 (13 bytes)
1709119088.357784 sending message 112 to peer 0x55a94c1462d0 (13 bytes)
1709119088.357791 sending message 112 to peer 0x55a94c1462d0 (8 bytes)
1709119088.357797 sending message 112 to peer 0x55a94c1462d0 (13 bytes)
1709119088.357803 sending message 112 to peer 0x55a94c1462d0 (13 bytes)
1709119088.357810 sending message 112 to peer 0x55a94c1462d0 (13 bytes)
1709119088.357817 sending message 112 to peer 0x55a94c1462d0 (13 bytes)
1709119088.357824 sending message 112 to peer 0x55a94c1462d0 (13 bytes)
1709119088.357831 sending message 112 to peer 0x55a94c1462d0 (12 bytes)
1709119088.357837 sending message 112 to peer 0x55a94c1462d0 (12 bytes)
1709119088.357844 sending message 112 to peer 0x55a94c1462d0 (12 bytes)
1709119088.357851 sending message 112 to peer 0x55a94c1462d0 (12 bytes)
1709119088.357857 sending message 112 to peer 0x55a94c1462d0 (13 bytes)
1709119088.357864 sending message 112 to peer 0x55a94c1462d0 (8 bytes)
1709119088.357870 sending message 112 to peer 0x55a94c1462d0 (13 bytes)
1709119088.357876 sending message 112 to peer 0x55a94c1462d0 (13 bytes)
1709119088.357883 sending message 112 to peer 0x55a94c1462d0 (13 bytes)
1709119088.357889 sending message 112 to peer 0x55a94c1462d0 (13 bytes)
1709119088.357895 sending message 112 to peer 0x55a94c1462d0 (13 bytes)
1709119088.357901 sending message 112 to peer 0x55a94c1462d0 (13 bytes)
1709119088.357908 sending message 112 to peer 0x55a94c1462d0 (13 bytes)
1709119088.357914 sending message 112 to peer 0x55a94c1462d0 (12 bytes)
1709119088.357921 sending message 112 to peer 0x55a94c1462d0 (12 bytes)
1709119088.357928 sending message 112 to peer 0x55a94c1462d0 (12 bytes)
1709119088.357934 sending message 112 to peer 0x55a94c1462d0 (8 bytes)
1709119088.357941 sending message 112 to peer 0x55a94c1462d0 (12 bytes)
1709119088.357968 sending message 112 to peer 0x55a94c1462d0 (13 bytes)
1709119088.357977 sending message 112 to peer 0x55a94c1462d0 (13 bytes)
1709119088.357985 sending message 112 to peer 0x55a94c1462d0 (13 bytes)
1709119088.357993 sending message 112 to peer 0x55a94c1462d0 (13 bytes)
1709119088.358000 sending message 112 to peer 0x55a94c1462d0 (13 bytes)
1709119088.358008 sending message 112 to peer 0x55a94c1462d0 (13 bytes)
1709119088.358027 sending message 112 to peer 0x55a94c1462d0 (13 bytes)
1709119088.358036 sending message 112 to peer 0x55a94c1462d0 (13 bytes)
1709119088.358044 sending message 112 to peer 0x55a94c1462d0 (12 bytes)
1709119088.358052 sending message 112 to peer 0x55a94c1462d0 (10 bytes)
1709119088.358060 sending message 112 to peer 0x55a94c1462d0 (12 bytes)
1709119088.358069 sending message 112 to peer 0x55a94c1462d0 (12 bytes)
1709119088.358078 sending message 112 to peer 0x55a94c1462d0 (12 bytes)
1709119088.358086 sending message 112 to peer 0x55a94c1462d0 (13 bytes)
1709119088.358094 sending message 112 to peer 0x55a94c1462d0 (13 bytes)
1709119088.358102 sending message 112 to peer 0x55a94c1462d0 (13 bytes)
1709119088.358110 sending message 112 to peer 0x55a94c1462d0 (13 bytes)
1709119088.358119 sending message 112 to peer 0x55a94c1462d0 (13 bytes)
1709119088.358127 sending message 112 to peer 0x55a94c1462d0 (13 bytes)
1709119088.358135 sending message 112 to peer 0x55a94c1462d0 (13 bytes)
1709119088.358143 sending message 112 to peer 0x55a94c1462d0 (10 bytes)
1709119088.358150 sending message 112 to peer 0x55a94c1462d0 (13 bytes)
1709119088.358157 sending message 112 to peer 0x55a94c1462d0 (12 bytes)
1709119088.358163 sending message 112 to peer 0x55a94c1462d0 (12 bytes)
1709119088.358169 sending message 112 to peer 0x55a94c1462d0 (12 bytes)
1709119088.358175 sending message 112 to peer 0x55a94c1462d0 (10 bytes)
1709119088.358182 sending message 112 to peer 0x55a94c1462d0 (10 bytes)
1709119088.358188 sending message 112 to peer 0x55a94c1462d0 (10 bytes)
1709119088.358195 sending message 112 to peer 0x55a94c1462d0 (12 bytes)
1709119088.358202 sending message 112 to peer 0x55a94c1462d0 (13 bytes)
1709119088.358209 sending message 112 to peer 0x55a94c1462d0 (13 bytes)
1709119088.358217 sending message 112 to peer 0x55a94c1462d0 (13 bytes)
1709119088.358225 sending message 112 to peer 0x55a94c1462d0 (13 bytes)
1709119088.358233 sending message 112 to peer 0x55a94c1462d0 (13 bytes)
1709119088.358241 sending message 112 to peer 0x55a94c1462d0 (11 bytes)
1709119088.358250 sending message 112 to peer 0x55a94c1462d0 (11 bytes)
1709119088.358258 sending message 112 to peer 0x55a94c1462d0 (12 bytes)
1709119088.358265 sending message 112 to peer 0x55a94c1462d0 (12 bytes)
1709119088.358273 sending message 112 to peer 0x55a94c1462d0 (12 bytes)
1709119088.358281 sending message 112 to peer 0x55a94c1462d0 (12 bytes)
1709119088.358290 sending message 112 to peer 0x55a94c1462d0 (12 bytes)
1709119088.358298 sending message 112 to peer 0x55a94c1462d0 (11 bytes)
1709119088.358306 sending message 112 to peer 0x55a94c1462d0 (12 bytes)
1709119088.358314 sending message 112 to peer 0x55a94c1462d0 (12 bytes)
1709119088.358323 sending message 112 to peer 0x55a94c1462d0 (13 bytes)
1709119088.358330 sending message 112 to peer 0x55a94c1462d0 (13 bytes)
1709119088.358338 sending message 112 to peer 0x55a94c1462d0 (13 bytes)
1709119088.358346 sending message 112 to peer 0x55a94c1462d0 (13 bytes)
1709119088.358353 sending message 112 to peer 0x55a94c1462d0 (13 bytes)
1709119088.358360 sending message 112 to peer 0x55a94c1462d0 (10 bytes)
1709119088.358366 sending message 112 to peer 0x55a94c1462d0 (9 bytes)
1709119088.358372 sending message 112 to peer 0x55a94c1462d0 (12 bytes)
1709119088.358378 sending message 112 to peer 0x55a94c1462d0 (13 bytes)
1709119088.358384 sending message 112 to peer 0x55a94c1462d0 (13 bytes)
1709119088.358391 sending message 112 to peer 0x55a94c1462d0 (13 bytes)
1709119088.358398 sending message 112 to peer 0x55a94c1462d0 (13 bytes)
1709119088.358404 sending message 112 to peer 0x55a94c1462d0 (13 bytes)
1709119088.358425 sending message 112 to peer 0x55a94c1462d0 (9 bytes)
1709119088.358434 sending message 112 to peer 0x55a94c1462d0 (12 bytes)
1709119088.358441 sending message 112 to peer 0x55a94c1462d0 (13 bytes)
1709119088.358449 sending message 112 to peer 0x55a94c1462d0 (13 bytes)
1709119088.358456 sending message 112 to peer 0x55a94c1462d0 (13 bytes)
1709119088.358463 sending message 112 to peer 0x55a94c1462d0 (13 bytes)
1709119088.358471 sending message 112 to peer 0x55a94c1462d0 (13 bytes)
1709119088.358478 sending message 112 to peer 0x55a94c1462d0 (11 bytes)
1709119088.358486 sending message 112 to peer 0x55a94c1462d0 (12 bytes)
1709119088.358493 sending message 112 to peer 0x55a94c1462d0 (13 bytes)
1709119088.358500 sending message 112 to peer 0x55a94c1462d0 (13 bytes)
1709119088.358508 sending message 112 to peer 0x55a94c1462d0 (13 bytes)
1709119088.358516 sending message 112 to peer 0x55a94c1462d0 (13 bytes)
1709119088.358523 sending message 112 to peer 0x55a94c1462d0 (13 bytes)
1709119088.358530 sending message 112 to peer 0x55a94c1462d0 (11 bytes)
1709119088.358537 sending message 112 to peer 0x55a94c1462d0 (12 bytes)
1709119088.358544 sending message 112 to peer 0x55a94c1462d0 (12 bytes)
1709119088.358551 sending message 112 to peer 0x55a94c1462d0 (12 bytes)
1709119088.358558 sending message 112 to peer 0x55a94c1462d0 (12 bytes)
1709119088.358566 sending message 112 to peer 0x55a94c1462d0 (12 bytes)
1709119088.358573 sending message 112 to peer 0x55a94c1462d0 (21 bytes)
1709119088.358582 sending message 112 to peer 0x55a94c1462d0 (12 bytes)
1709119088.358590 sending message 112 to peer 0x55a94c1462d0 (9 bytes)
1709119088.358598 sending message 112 to peer 0x55a94c1462d0 (6 bytes)
1709119088.358607 sending message 112 to peer 0x55a94c1462d0 (13 bytes)
1709119088.358615 sending message 112 to peer 0x55a94c1462d0 (8 bytes)
1709119088.358623 sending message 112 to peer 0x55a94c1462d0 (15 bytes)
1709119088.358630 sending message 112 to peer 0x55a94c1462d0 (13 bytes)
1709119088.358638 sending message 112 to peer 0x55a94c1462d0 (9 bytes)
1709119088.358646 sending message 112 to peer 0x55a94c1462d0 (70 bytes)
1709119088.358653 sending message 112 to peer 0x55a94c1462d0 (69 bytes)
1709119088.358660 sending message 112 to peer 0x55a94c1462d0 (10 bytes)
1709119088.358668 sending message 112 to peer 0x55a94c1462d0 (10 bytes)
1709119088.358674 sending message 112 to peer 0x55a94c1462d0 (8 bytes)
1709119088.358681 sending message 112 to peer 0x55a94c1462d0 (15 bytes)
1709119088.358689 sending message 112 to peer 0x55a94c1462d0 (13 bytes)
1709119088.358697 sending message 112 to peer 0x55a94c1462d0 (10 bytes)
1709119088.358704 sending message 112 to peer 0x55a94c1462d0 (10 bytes)
1709119088.358711 sending message 112 to peer 0x55a94c1462d0 (17 bytes)
1709119088.358718 sending message 112 to peer 0x55a94c1462d0 (10 bytes)
1709119088.358733 sending message 112 to peer 0x55a94c1462d0 (13 bytes)
1709119088.358742 sending message 112 to peer 0x55a94c1462d0 (9 bytes)
1709119088.358750 sending message 112 to peer 0x55a94c1462d0 (5 bytes)
1709119088.358758 sending message 112 to peer 0x55a94c1462d0 (15 bytes)
1709119088.358767 sending message 104 to peer 0x55a94c1462d0 (0 bytes)
1709119088.358776 sending message 110 to peer 0x55a94c1462d0 (0 bytes)
1709119088.358784 sending message 107 to peer 0x55a94c1462d0 (4 bytes)
1709119088.358793 sending message 105 to peer 0x55a94c1462d0 (16 bytes)
1709119088.358801 sending message 105 to peer 0x55a94c1462d0 (32 bytes)
1709119088.358809 sending message 105 to peer 0x55a94c1462d0 (78 bytes)
1709119088.358818 sending message 105 to peer 0x55a94c1462d0 (19 bytes)
1709119088.358826 sending message 105 to peer 0x55a94c1462d0 (20 bytes)
1709119088.358835 sending message 105 to peer 0x55a94c1462d0 (8 bytes)
1709119088.358843 sending message 105 to peer 0x55a94c1462d0 (64 bytes)
1709119088.358852 sending message 105 to peer 0x55a94c1462d0 (23 bytes)
1709119088.358860 sending message 105 to peer 0x55a94c1462d0 (23 bytes)
1709119088.358868 sending message 105 to peer 0x55a94c1462d0 (26 bytes)
1709119088.358888 sending message 105 to peer 0x55a94c1462d0 (39 bytes)
1709119088.358896 sending message 105 to peer 0x55a94c1462d0 (46 bytes)
1709119088.358904 sending message 105 to peer 0x55a94c1462d0 (15 bytes)
1709119088.358912 sending message 105 to peer 0x55a94c1462d0 (31 bytes)
1709119088.358919 sending message 105 to peer 0x55a94c1462d0 (20 bytes)
1709119088.358926 sending message 105 to peer 0x55a94c1462d0 (44 bytes)
1709119088.358934 sending message 105 to peer 0x55a94c1462d0 (12 bytes)
1709119088.358942 sending message 105 to peer 0x55a94c1462d0 (55 bytes)
1709119088.358950 sending message 105 to peer 0x55a94c1462d0 (20 bytes)
1709119088.358958 sending message 105 to peer 0x55a94c1462d0 (22 bytes)
1709119088.358966 sending message 105 to peer 0x55a94c1462d0 (19 bytes)
1709119088.358973 sending message 105 to peer 0x55a94c1462d0 (12 bytes)
1709119088.358981 sending message 105 to peer 0x55a94c1462d0 (47 bytes)
1709119088.358989 sending message 105 to peer 0x55a94c1462d0 (16 bytes)
1709119088.358997 sending message 105 to peer 0x55a94c1462d0 (51 bytes)
1709119088.359004 sending message 105 to peer 0x55a94c1462d0 (26 bytes)
1709119088.359024 sending message 105 to peer 0x55a94c1462d0 (17 bytes)
1709119088.359034 sending message 105 to peer 0x55a94c1462d0 (21 bytes)
1709119088.359042 sending message 105 to peer 0x55a94c1462d0 (43 bytes)
1709119088.359049 sending message 105 to peer 0x55a94c1462d0 (23 bytes)
1709119088.359056 sending message 105 to peer 0x55a94c1462d0 (44 bytes)
1709119088.359062 sending message 105 to peer 0x55a94c1462d0 (33 bytes)
1709119088.359068 sending message 105 to peer 0x55a94c1462d0 (13 bytes)
1709119088.359077 sending message 105 to peer 0x55a94c1462d0 (21 bytes)
1709119088.359085 sending message 105 to peer 0x55a94c1462d0 (20 bytes)
1709119088.359092 sending message 105 to peer 0x55a94c1462d0 (18 bytes)
1709119088.359100 sending message 105 to peer 0x55a94c1462d0 (17 bytes)
1709119088.359105 sending message 105 to peer 0x55a94c1462d0 (1770 bytes)
1709119088.359133 sending message 105 to peer 0x55a94c1462d0 (26 bytes)
1709119088.359139 sending message 105 to peer 0x55a94c1462d0 (47 bytes)
1709119088.359144 sending message 105 to peer 0x55a94c1462d0 (16 bytes)
1709119088.359148 sending message 105 to peer 0x55a94c1462d0 (59 bytes)
1709119088.359153 sending message 105 to peer 0x55a94c1462d0 (24 bytes)
1709119088.359158 sending message 105 to peer 0x55a94c1462d0 (28 bytes)
1709119088.359163 sending message 105 to peer 0x55a94c1462d0 (73 bytes)
1709119088.359168 sending message 105 to peer 0x55a94c1462d0 (23 bytes)
1709119088.359173 sending message 105 to peer 0x55a94c1462d0 (19 bytes)
1709119088.359177 sending message 105 to peer 0x55a94c1462d0 (30 bytes)
1709119088.359182 sending message 105 to peer 0x55a94c1462d0 (35 bytes)
1709119088.359186 sending message 105 to peer 0x55a94c1462d0 (14 bytes)
1709119088.359191 sending message 105 to peer 0x55a94c1462d0 (13 bytes)
1709119088.359196 sending message 105 to peer 0x55a94c1462d0 (39 bytes)
1709119088.359200 sending message 105 to peer 0x55a94c1462d0 (12 bytes)
1709119088.359205 sending message 105 to peer 0x55a94c1462d0 (11 bytes)
1709119088.359210 sending message 105 to peer 0x55a94c1462d0 (8 bytes)
1709119088.359214 sending message 105 to peer 0x55a94c1462d0 (16 bytes)
1709119088.359219 sending message 105 to peer 0x55a94c1462d0 (11 bytes)
1709119088.359223 sending message 105 to peer 0x55a94c1462d0 (18 bytes)
1709119088.359228 sending message 105 to peer 0x55a94c1462d0 (24 bytes)
1709119088.359232 sending message 105 to peer 0x55a94c1462d0 (34 bytes)
1709119088.359237 sending message 105 to peer 0x55a94c1462d0 (55 bytes)
1709119088.359242 sending message 105 to peer 0x55a94c1462d0 (32 bytes)
1709119088.359247 sending message 105 to peer 0x55a94c1462d0 (40 bytes)
1709119088.359251 sending message 105 to peer 0x55a94c1462d0 (31 bytes)
1709119088.359256 sending message 105 to peer 0x55a94c1462d0 (24 bytes)
1709119088.359261 sending message 105 to peer 0x55a94c1462d0 (125 bytes)
1709119088.359266 sending message 105 to peer 0x55a94c1462d0 (298 bytes)
1709119088.359281 sending message 105 to peer 0x55a94c1462d0 (39 bytes)
1709119088.359286 sending message 105 to peer 0x55a94c1462d0 (17 bytes)
1709119088.359291 sending message 105 to peer 0x55a94c1462d0 (57 bytes)
1709119088.359296 sending message 105 to peer 0x55a94c1462d0 (55 bytes)
1709119088.359301 sending message 105 to peer 0x55a94c1462d0 (30 bytes)
1709119088.359305 sending message 105 to peer 0x55a94c1462d0 (30 bytes)
1709119088.359310 sending message 105 to peer 0x55a94c1462d0 (36 bytes)
1709119088.359314 sending message 105 to peer 0x55a94c1462d0 (68 bytes)
1709119088.359319 sending message 105 to peer 0x55a94c1462d0 (50 bytes)
1709119088.359324 sending message 105 to peer 0x55a94c1462d0 (25 bytes)
1709119088.359328 sending message 105 to peer 0x55a94c1462d0 (18 bytes)
1709119088.359333 sending message 105 to peer 0x55a94c1462d0 (16 bytes)
1709119088.359338 sending message 105 to peer 0x55a94c1462d0 (10 bytes)
1709119088.359342 sending message 106 to peer 0x55a94c1462d0 (0 bytes)
1709119088.359431 sending message 200 to peer 0x55a94c1462d0 (4 bytes)
1709119088.359443 client loop enter
1709119088.360289 peer 0x55a94c1462d0 message 303
1709119088.360310 open write file 2 -
1709119088.360328 sending message 305 to peer 0x55a94c1462d0 (8 bytes)
1709119088.360361 write check file 2
1709119088.360574 peer 0x55a94c1462d0 message 304
1709119088.360589 write 58 to file 2
1709119088.360600 peer 0x55a94c1462d0 message 203
1709119088.360608 file 2 58 bytes left
1709119088.360637 write check file 2
1709119088.360648 client loop exit
