1709119077.563432 client started (63260): version 3.3a, socket /tmp/tmux-4207398/default, protocol 8
1709119077.563451 on Linux 6.7.4-100.fc38.x86_64 #1 SMP PREEMPT_DYNAMIC Mon Feb  5 22:19:06 UTC 2024
1709119077.563458 using libevent 2.1.12-stable (poll); ncurses 6.4
1709119077.563471 flags are 0x10010000
1709119077.563475 socket is /tmp/tmux-4207398/default
1709119077.563489 trying connect
1709119077.563632 add peer 0x55a5214ad2d0: 6 ((nil))
1709119077.563890 sending message 100 to peer 0x55a5214ad2d0 (4 bytes)
1709119077.563898 sending message 111 to peer 0x55a5214ad2d0 (8 bytes)
1709119077.563902 sending message 101 to peer 0x55a5214ad2d0 (14 bytes)
1709119077.563905 sending message 109 to peer 0x55a5214ad2d0 (4 bytes)
1709119077.563908 sending message 102 to peer 0x55a5214ad2d0 (11 bytes)
1709119077.563911 sending message 108 to peer 0x55a5214ad2d0 (43 bytes)
1709119077.563914 sending message 112 to peer 0x55a5214ad2d0 (70 bytes)
1709119077.563917 sending message 112 to peer 0x55a5214ad2d0 (5 bytes)
1709119077.563921 sending message 112 to peer 0x55a5214ad2d0 (5 bytes)
1709119077.563924 sending message 112 to peer 0x55a5214ad2d0 (6 bytes)
1709119077.563927 sending message 112 to peer 0x55a5214ad2d0 (6 bytes)
1709119077.563930 sending message 112 to peer 0x55a5214ad2d0 (11 bytes)
1709119077.563933 sending message 112 to peer 0x55a5214ad2d0 (10 bytes)
1709119077.563935 sending message 112 to peer 0x55a5214ad2d0 (13 bytes)
1709119077.563938 sending message 112 to peer 0x55a5214ad2d0 (13 bytes)
1709119077.563941 sending message 112 to peer 0x55a5214ad2d0 (18 bytes)
1709119077.563944 sending message 112 to peer 0x55a5214ad2d0 (11 bytes)
1709119077.563947 sending message 112 to peer 0x55a5214ad2d0 (10 bytes)
1709119077.563951 sending message 112 to peer 0x55a5214ad2d0 (15 bytes)
1709119077.563954 sending message 112 to peer 0x55a5214ad2d0 (21 bytes)
1709119077.563957 sending message 112 to peer 0x55a5214ad2d0 (13 bytes)
1709119077.563960 sending message 112 to peer 0x55a5214ad2d0 (7 bytes)
1709119077.563963 sending message 112 to peer 0x55a5214ad2d0 (13 bytes)
1709119077.563966 sending message 112 to peer 0x55a5214ad2d0 (7 bytes)
1709119077.563969 sending message 112 to peer 0x55a5214ad2d0 (13 bytes)
1709119077.563972 sending message 112 to peer 0x55a5214ad2d0 (9 bytes)
1709119077.563975 sending message 112 to peer 0x55a5214ad2d0 (21 bytes)
1709119077.563978 sending message 112 to peer 0x55a5214ad2d0 (13 bytes)
1709119077.563982 sending message 112 to peer 0x55a5214ad2d0 (8 bytes)
1709119077.563985 sending message 112 to peer 0x55a5214ad2d0 (12 bytes)
1709119077.563988 sending message 112 to peer 0x55a5214ad2d0 (13 bytes)
1709119077.563991 sending message 112 to peer 0x55a5214ad2d0 (9 bytes)
1709119077.563994 sending message 112 to peer 0x55a5214ad2d0 (9 bytes)
1709119077.563997 sending message 112 to peer 0x55a5214ad2d0 (12 bytes)
1709119077.564000 sending message 112 to peer 0x55a5214ad2d0 (8 bytes)
1709119077.564003 sending message 112 to peer 0x55a5214ad2d0 (8 bytes)
1709119077.564006 sending message 112 to peer 0x55a5214ad2d0 (7 bytes)
1709119077.564009 sending message 112 to peer 0x55a5214ad2d0 (7 bytes)
1709119077.564032 sending message 112 to peer 0x55a5214ad2d0 (9 bytes)
1709119077.564038 sending message 112 to peer 0x55a5214ad2d0 (13 bytes)
1709119077.564041 sending message 112 to peer 0x55a5214ad2d0 (6 bytes)
1709119077.564044 sending message 112 to peer 0x55a5214ad2d0 (9 bytes)
1709119077.564047 sending message 112 to peer 0x55a5214ad2d0 (15 bytes)
1709119077.564050 sending message 112 to peer 0x55a5214ad2d0 (13 bytes)
1709119077.564054 sending message 112 to peer 0x55a5214ad2d0 (12 bytes)
1709119077.564057 sending message 112 to peer 0x55a5214ad2d0 (8 bytes)
1709119077.564060 sending message 112 to peer 0x55a5214ad2d0 (14 bytes)
1709119077.564063 sending message 112 to peer 0x55a5214ad2d0 (11 bytes)
1709119077.564066 sending message 112 to peer 0x55a5214ad2d0 (9 bytes)
1709119077.564069 sending message 112 to peer 0x55a5214ad2d0 (10 bytes)
1709119077.564072 sending message 112 to peer 0x55a5214ad2d0 (10 bytes)
1709119077.564085 sending message 112 to peer 0x55a5214ad2d0 (10 bytes)
1709119077.564088 sending message 112 to peer 0x55a5214ad2d0 (10 bytes)
1709119077.564091 sending message 112 to peer 0x55a5214ad2d0 (11 bytes)
1709119077.564094 sending message 112 to peer 0x55a5214ad2d0 (12 bytes)
1709119077.564097 sending message 112 to peer 0x55a5214ad2d0 (12 bytes)
1709119077.564100 sending message 112 to peer 0x55a5214ad2d0 (12 bytes)
1709119077.564103 sending message 112 to peer 0x55a5214ad2d0 (12 bytes)
1709119077.564106 sending message 112 to peer 0x55a5214ad2d0 (12 bytes)
1709119077.564109 sending message 112 to peer 0x55a5214ad2d0 (11 bytes)
1709119077.564112 sending message 112 to peer 0x55a5214ad2d0 (11 bytes)
1709119077.564115 sending message 112 to peer 0x55a5214ad2d0 (12 bytes)
1709119077.564118 sending message 112 to peer 0x55a5214ad2d0 (12 bytes)
1709119077.564121 sending message 112 to peer 0x55a5214ad2d0 (12 bytes)
1709119077.564124 sending message 112 to peer 0x55a5214ad2d0 (12 bytes)
1709119077.564127 sending message 112 to peer 0x55a5214ad2d0 (12 bytes)
1709119077.564130 sending message 112 to peer 0x55a5214ad2d0 (10 bytes)
1709119077.564133 sending message 112 to peer 0x55a5214ad2d0 (12 bytes)
1709119077.564136 sending message 112 to peer 0x55a5214ad2d0 (13 bytes)
1709119077.564139 sending message 112 to peer 0x55a5214ad2d0 (13 bytes)
1709119077.564142 sending message 112 to peer 0x55a5214ad2d0 (13 bytes)
1709119077.564145 sending message 112 to peer 0x55a5214ad2d0 (13 bytes)
1709119077.564148 sending message 112 to peer 0x55a5214ad2d0 (13 bytes)
1709119077.564151 sending message 112 to peer 0x55a5214ad2d0 (8 bytes)
1709119077.564154 sending message 112 to peer 0x55a5214ad2d0 (11 bytes)
1709119077.564157 sending message 112 to peer 0x55a5214ad2d0 (11 bytes)
1709119077.564160 sending message 112 to peer 0x55a5214ad2d0 (11 bytes)
1709119077.564163 sending message 112 to peer 0x55a5214ad2d0 (12 bytes)
1709119077.564166 sending message 112 to peer 0x55a5214ad2d0 (12 bytes)
1709119077.564169 sending message 112 to peer 0x55a5214ad2d0 (12 bytes)
1709119077.564172 sending message 112 to peer 0x55a5214ad2d0 (12 bytes)
1709119077.564175 sending message 112 to peer 0x55a5214ad2d0 (13 bytes)
1709119077.564178 sending message 112 to peer 0x55a5214ad2d0 (13 bytes)
1709119077.564181 sending message 112 to peer 0x55a5214ad2d0 (13 bytes)
1709119077.564184 sending message 112 to peer 0x55a5214ad2d0 (8 bytes)
1709119077.564187 sending message 112 to peer 0x55a5214ad2d0 (13 bytes)
1709119077.564190 sending message 112 to peer 0x55a5214ad2d0 (13 bytes)
1709119077.564193 sending message 112 to peer 0x55a5214ad2d0 (13 bytes)
1709119077.564196 sending message 112 to peer 0x55a5214ad2d0 (13 bytes)
1709119077.564199 sending message 112 to peer 0x55a5214ad2d0 (13 bytes)
1709119077.564202 sending message 112 to peer 0x55a5214ad2d0 (12 bytes)
1709119077.564205 sending message 112 to peer 0x55a5214ad2d0 (12 bytes)
1709119077.564208 sending message 112 to peer 0x55a5214ad2d0 (12 bytes)
1709119077.564211 sending message 112 to peer 0x55a5214ad2d0 (12 bytes)
1709119077.564214 sending message 112 to peer 0x55a5214ad2d0 (13 bytes)
1709119077.564217 sending message 112 to peer 0x55a5214ad2d0 (8 bytes)
1709119077.564220 sending message 112 to peer 0x55a5214ad2d0 (13 bytes)
1709119077.564223 sending message 112 to peer 0x55a5214ad2d0 (13 bytes)
1709119077.564226 sending message 112 to peer 0x55a5214ad2d0 (13 bytes)
1709119077.564230 sending message 112 to peer 0x55a5214ad2d0 (13 bytes)
1709119077.564232 sending message 112 to peer 0x55a5214ad2d0 (13 bytes)
1709119077.564236 sending message 112 to peer 0x55a5214ad2d0 (13 bytes)
1709119077.564238 sending message 112 to peer 0x55a5214ad2d0 (13 bytes)
1709119077.564241 sending message 112 to peer 0x55a5214ad2d0 (12 bytes)
1709119077.564244 sending message 112 to peer 0x55a5214ad2d0 (12 bytes)
1709119077.564247 sending message 112 to peer 0x55a5214ad2d0 (12 bytes)
1709119077.564250 sending message 112 to peer 0x55a5214ad2d0 (8 bytes)
1709119077.564253 sending message 112 to peer 0x55a5214ad2d0 (12 bytes)
1709119077.564260 sending message 112 to peer 0x55a5214ad2d0 (13 bytes)
1709119077.564264 sending message 112 to peer 0x55a5214ad2d0 (13 bytes)
1709119077.564267 sending message 112 to peer 0x55a5214ad2d0 (13 bytes)
1709119077.564270 sending message 112 to peer 0x55a5214ad2d0 (13 bytes)
1709119077.564273 sending message 112 to peer 0x55a5214ad2d0 (13 bytes)
1709119077.564276 sending message 112 to peer 0x55a5214ad2d0 (13 bytes)
1709119077.564279 sending message 112 to peer 0x55a5214ad2d0 (13 bytes)
1709119077.564282 sending message 112 to peer 0x55a5214ad2d0 (13 bytes)
1709119077.564285 sending message 112 to peer 0x55a5214ad2d0 (12 bytes)
1709119077.564288 sending message 112 to peer 0x55a5214ad2d0 (10 bytes)
1709119077.564291 sending message 112 to peer 0x55a5214ad2d0 (12 bytes)
1709119077.564294 sending message 112 to peer 0x55a5214ad2d0 (12 bytes)
1709119077.564297 sending message 112 to peer 0x55a5214ad2d0 (12 bytes)
1709119077.564300 sending message 112 to peer 0x55a5214ad2d0 (13 bytes)
1709119077.564303 sending message 112 to peer 0x55a5214ad2d0 (13 bytes)
1709119077.564306 sending message 112 to peer 0x55a5214ad2d0 (13 bytes)
1709119077.564309 sending message 112 to peer 0x55a5214ad2d0 (13 bytes)
1709119077.564312 sending message 112 to peer 0x55a5214ad2d0 (13 bytes)
1709119077.564315 sending message 112 to peer 0x55a5214ad2d0 (13 bytes)
1709119077.564318 sending message 112 to peer 0x55a5214ad2d0 (13 bytes)
1709119077.564321 sending message 112 to peer 0x55a5214ad2d0 (10 bytes)
1709119077.564325 sending message 112 to peer 0x55a5214ad2d0 (13 bytes)
1709119077.564328 sending message 112 to peer 0x55a5214ad2d0 (12 bytes)
1709119077.564331 sending message 112 to peer 0x55a5214ad2d0 (12 bytes)
1709119077.564334 sending message 112 to peer 0x55a5214ad2d0 (12 bytes)
1709119077.564337 sending message 112 to peer 0x55a5214ad2d0 (10 bytes)
1709119077.564340 sending message 112 to peer 0x55a5214ad2d0 (10 bytes)
1709119077.564343 sending message 112 to peer 0x55a5214ad2d0 (10 bytes)
1709119077.564346 sending message 112 to peer 0x55a5214ad2d0 (12 bytes)
1709119077.564349 sending message 112 to peer 0x55a5214ad2d0 (13 bytes)
1709119077.564352 sending message 112 to peer 0x55a5214ad2d0 (13 bytes)
1709119077.564355 sending message 112 to peer 0x55a5214ad2d0 (13 bytes)
1709119077.564358 sending message 112 to peer 0x55a5214ad2d0 (13 bytes)
1709119077.564361 sending message 112 to peer 0x55a5214ad2d0 (13 bytes)
1709119077.564364 sending message 112 to peer 0x55a5214ad2d0 (11 bytes)
1709119077.564367 sending message 112 to peer 0x55a5214ad2d0 (11 bytes)
1709119077.564370 sending message 112 to peer 0x55a5214ad2d0 (12 bytes)
1709119077.564373 sending message 112 to peer 0x55a5214ad2d0 (12 bytes)
1709119077.564376 sending message 112 to peer 0x55a5214ad2d0 (12 bytes)
1709119077.564379 sending message 112 to peer 0x55a5214ad2d0 (12 bytes)
1709119077.564382 sending message 112 to peer 0x55a5214ad2d0 (12 bytes)
1709119077.564385 sending message 112 to peer 0x55a5214ad2d0 (11 bytes)
1709119077.564388 sending message 112 to peer 0x55a5214ad2d0 (12 bytes)
1709119077.564398 sending message 112 to peer 0x55a5214ad2d0 (12 bytes)
1709119077.564402 sending message 112 to peer 0x55a5214ad2d0 (13 bytes)
1709119077.564405 sending message 112 to peer 0x55a5214ad2d0 (13 bytes)
1709119077.564408 sending message 112 to peer 0x55a5214ad2d0 (13 bytes)
1709119077.564411 sending message 112 to peer 0x55a5214ad2d0 (13 bytes)
1709119077.564414 sending message 112 to peer 0x55a5214ad2d0 (13 bytes)
1709119077.564417 sending message 112 to peer 0x55a5214ad2d0 (10 bytes)
1709119077.564420 sending message 112 to peer 0x55a5214ad2d0 (9 bytes)
1709119077.564423 sending message 112 to peer 0x55a5214ad2d0 (12 bytes)
1709119077.564426 sending message 112 to peer 0x55a5214ad2d0 (13 bytes)
1709119077.564430 sending message 112 to peer 0x55a5214ad2d0 (13 bytes)
1709119077.564433 sending message 112 to peer 0x55a5214ad2d0 (13 bytes)
1709119077.564435 sending message 112 to peer 0x55a5214ad2d0 (13 bytes)
1709119077.564459 sending message 112 to peer 0x55a5214ad2d0 (13 bytes)
1709119077.564467 sending message 112 to peer 0x55a5214ad2d0 (9 bytes)
1709119077.564471 sending message 112 to peer 0x55a5214ad2d0 (12 bytes)
1709119077.564474 sending message 112 to peer 0x55a5214ad2d0 (13 bytes)
1709119077.564477 sending message 112 to peer 0x55a5214ad2d0 (13 bytes)
1709119077.564480 sending message 112 to peer 0x55a5214ad2d0 (13 bytes)
1709119077.564483 sending message 112 to peer 0x55a5214ad2d0 (13 bytes)
1709119077.564486 sending message 112 to peer 0x55a5214ad2d0 (13 bytes)
1709119077.564489 sending message 112 to peer 0x55a5214ad2d0 (11 bytes)
1709119077.564492 sending message 112 to peer 0x55a5214ad2d0 (12 bytes)
1709119077.564495 sending message 112 to peer 0x55a5214ad2d0 (13 bytes)
1709119077.564504 sending message 112 to peer 0x55a5214ad2d0 (13 bytes)
1709119077.564508 sending message 112 to peer 0x55a5214ad2d0 (13 bytes)
1709119077.564511 sending message 112 to peer 0x55a5214ad2d0 (13 bytes)
1709119077.564514 sending message 112 to peer 0x55a5214ad2d0 (13 bytes)
1709119077.564517 sending message 112 to peer 0x55a5214ad2d0 (11 bytes)
1709119077.564520 sending message 112 to peer 0x55a5214ad2d0 (12 bytes)
1709119077.564523 sending message 112 to peer 0x55a5214ad2d0 (12 bytes)
1709119077.564526 sending message 112 to peer 0x55a5214ad2d0 (12 bytes)
1709119077.564529 sending message 112 to peer 0x55a5214ad2d0 (12 bytes)
1709119077.564532 sending message 112 to peer 0x55a5214ad2d0 (12 bytes)
1709119077.564535 sending message 112 to peer 0x55a5214ad2d0 (21 bytes)
1709119077.564538 sending message 112 to peer 0x55a5214ad2d0 (12 bytes)
1709119077.564541 sending message 112 to peer 0x55a5214ad2d0 (9 bytes)
1709119077.564544 sending message 112 to peer 0x55a5214ad2d0 (6 bytes)
1709119077.564547 sending message 112 to peer 0x55a5214ad2d0 (13 bytes)
1709119077.564550 sending message 112 to peer 0x55a5214ad2d0 (8 bytes)
1709119077.564553 sending message 112 to peer 0x55a5214ad2d0 (15 bytes)
1709119077.564556 sending message 112 to peer 0x55a5214ad2d0 (13 bytes)
1709119077.564559 sending message 112 to peer 0x55a5214ad2d0 (9 bytes)
1709119077.564562 sending message 112 to peer 0x55a5214ad2d0 (70 bytes)
1709119077.564565 sending message 112 to peer 0x55a5214ad2d0 (69 bytes)
1709119077.564568 sending message 112 to peer 0x55a5214ad2d0 (10 bytes)
1709119077.564573 sending message 112 to peer 0x55a5214ad2d0 (10 bytes)
1709119077.564576 sending message 112 to peer 0x55a5214ad2d0 (8 bytes)
1709119077.564579 sending message 112 to peer 0x55a5214ad2d0 (15 bytes)
1709119077.564582 sending message 112 to peer 0x55a5214ad2d0 (13 bytes)
1709119077.564585 sending message 112 to peer 0x55a5214ad2d0 (10 bytes)
1709119077.564588 sending message 112 to peer 0x55a5214ad2d0 (10 bytes)
1709119077.564591 sending message 112 to peer 0x55a5214ad2d0 (17 bytes)
1709119077.564594 sending message 112 to peer 0x55a5214ad2d0 (10 bytes)
1709119077.564601 sending message 112 to peer 0x55a5214ad2d0 (13 bytes)
1709119077.564604 sending message 112 to peer 0x55a5214ad2d0 (9 bytes)
1709119077.564608 sending message 112 to peer 0x55a5214ad2d0 (5 bytes)
1709119077.564611 sending message 112 to peer 0x55a5214ad2d0 (15 bytes)
1709119077.564614 sending message 104 to peer 0x55a5214ad2d0 (0 bytes)
1709119077.564618 sending message 110 to peer 0x55a5214ad2d0 (0 bytes)
1709119077.564621 sending message 107 to peer 0x55a5214ad2d0 (4 bytes)
1709119077.564624 sending message 105 to peer 0x55a5214ad2d0 (16 bytes)
1709119077.564627 sending message 105 to peer 0x55a5214ad2d0 (32 bytes)
1709119077.564631 sending message 105 to peer 0x55a5214ad2d0 (78 bytes)
1709119077.564634 sending message 105 to peer 0x55a5214ad2d0 (19 bytes)
1709119077.564637 sending message 105 to peer 0x55a5214ad2d0 (20 bytes)
1709119077.564640 sending message 105 to peer 0x55a5214ad2d0 (8 bytes)
1709119077.564643 sending message 105 to peer 0x55a5214ad2d0 (64 bytes)
1709119077.564646 sending message 105 to peer 0x55a5214ad2d0 (23 bytes)
1709119077.564649 sending message 105 to peer 0x55a5214ad2d0 (23 bytes)
1709119077.564652 sending message 105 to peer 0x55a5214ad2d0 (26 bytes)
1709119077.564662 sending message 105 to peer 0x55a5214ad2d0 (39 bytes)
1709119077.564665 sending message 105 to peer 0x55a5214ad2d0 (46 bytes)
1709119077.564669 sending message 105 to peer 0x55a5214ad2d0 (15 bytes)
1709119077.564672 sending message 105 to peer 0x55a5214ad2d0 (31 bytes)
1709119077.564675 sending message 105 to peer 0x55a5214ad2d0 (20 bytes)
1709119077.564678 sending message 105 to peer 0x55a5214ad2d0 (44 bytes)
1709119077.564681 sending message 105 to peer 0x55a5214ad2d0 (12 bytes)
1709119077.564684 sending message 105 to peer 0x55a5214ad2d0 (55 bytes)
1709119077.564687 sending message 105 to peer 0x55a5214ad2d0 (20 bytes)
1709119077.564690 sending message 105 to peer 0x55a5214ad2d0 (22 bytes)
1709119077.564693 sending message 105 to peer 0x55a5214ad2d0 (19 bytes)
1709119077.564696 sending message 105 to peer 0x55a5214ad2d0 (12 bytes)
1709119077.564699 sending message 105 to peer 0x55a5214ad2d0 (47 bytes)
1709119077.564702 sending message 105 to peer 0x55a5214ad2d0 (16 bytes)
1709119077.564705 sending message 105 to peer 0x55a5214ad2d0 (51 bytes)
1709119077.564708 sending message 105 to peer 0x55a5214ad2d0 (26 bytes)
1709119077.564711 sending message 105 to peer 0x55a5214ad2d0 (17 bytes)
1709119077.564714 sending message 105 to peer 0x55a5214ad2d0 (21 bytes)
1709119077.564717 sending message 105 to peer 0x55a5214ad2d0 (43 bytes)
1709119077.564720 sending message 105 to peer 0x55a5214ad2d0 (23 bytes)
1709119077.564722 sending message 105 to peer 0x55a5214ad2d0 (44 bytes)
1709119077.564726 sending message 105 to peer 0x55a5214ad2d0 (33 bytes)
1709119077.564729 sending message 105 to peer 0x55a5214ad2d0 (13 bytes)
1709119077.564732 sending message 105 to peer 0x55a5214ad2d0 (21 bytes)
1709119077.564735 sending message 105 to peer 0x55a5214ad2d0 (20 bytes)
1709119077.564738 sending message 105 to peer 0x55a5214ad2d0 (18 bytes)
1709119077.564741 sending message 105 to peer 0x55a5214ad2d0 (17 bytes)
1709119077.564744 sending message 105 to peer 0x55a5214ad2d0 (1770 bytes)
1709119077.564766 sending message 105 to peer 0x55a5214ad2d0 (26 bytes)
1709119077.564770 sending message 105 to peer 0x55a5214ad2d0 (47 bytes)
1709119077.564774 sending message 105 to peer 0x55a5214ad2d0 (16 bytes)
1709119077.564777 sending message 105 to peer 0x55a5214ad2d0 (59 bytes)
1709119077.564780 sending message 105 to peer 0x55a5214ad2d0 (24 bytes)
1709119077.564783 sending message 105 to peer 0x55a5214ad2d0 (28 bytes)
1709119077.564786 sending message 105 to peer 0x55a5214ad2d0 (73 bytes)
1709119077.564790 sending message 105 to peer 0x55a5214ad2d0 (23 bytes)
1709119077.564793 sending message 105 to peer 0x55a5214ad2d0 (19 bytes)
1709119077.564796 sending message 105 to peer 0x55a5214ad2d0 (30 bytes)
1709119077.564799 sending message 105 to peer 0x55a5214ad2d0 (35 bytes)
1709119077.564802 sending message 105 to peer 0x55a5214ad2d0 (14 bytes)
1709119077.564806 sending message 105 to peer 0x55a5214ad2d0 (13 bytes)
1709119077.564809 sending message 105 to peer 0x55a5214ad2d0 (39 bytes)
1709119077.564812 sending message 105 to peer 0x55a5214ad2d0 (12 bytes)
1709119077.564815 sending message 105 to peer 0x55a5214ad2d0 (11 bytes)
1709119077.564818 sending message 105 to peer 0x55a5214ad2d0 (8 bytes)
1709119077.564821 sending message 105 to peer 0x55a5214ad2d0 (16 bytes)
1709119077.564824 sending message 105 to peer 0x55a5214ad2d0 (11 bytes)
1709119077.564827 sending message 105 to peer 0x55a5214ad2d0 (18 bytes)
1709119077.564830 sending message 105 to peer 0x55a5214ad2d0 (24 bytes)
1709119077.564833 sending message 105 to peer 0x55a5214ad2d0 (34 bytes)
1709119077.564836 sending message 105 to peer 0x55a5214ad2d0 (55 bytes)
1709119077.564839 sending message 105 to peer 0x55a5214ad2d0 (32 bytes)
1709119077.564843 sending message 105 to peer 0x55a5214ad2d0 (40 bytes)
1709119077.564846 sending message 105 to peer 0x55a5214ad2d0 (31 bytes)
1709119077.564849 sending message 105 to peer 0x55a5214ad2d0 (24 bytes)
1709119077.564852 sending message 105 to peer 0x55a5214ad2d0 (125 bytes)
1709119077.564855 sending message 105 to peer 0x55a5214ad2d0 (298 bytes)
1709119077.564863 sending message 105 to peer 0x55a5214ad2d0 (39 bytes)
1709119077.564866 sending message 105 to peer 0x55a5214ad2d0 (17 bytes)
1709119077.564869 sending message 105 to peer 0x55a5214ad2d0 (57 bytes)
1709119077.564872 sending message 105 to peer 0x55a5214ad2d0 (55 bytes)
1709119077.564876 sending message 105 to peer 0x55a5214ad2d0 (30 bytes)
1709119077.564879 sending message 105 to peer 0x55a5214ad2d0 (30 bytes)
1709119077.564882 sending message 105 to peer 0x55a5214ad2d0 (36 bytes)
1709119077.564885 sending message 105 to peer 0x55a5214ad2d0 (68 bytes)
1709119077.564888 sending message 105 to peer 0x55a5214ad2d0 (50 bytes)
1709119077.564891 sending message 105 to peer 0x55a5214ad2d0 (25 bytes)
1709119077.564894 sending message 105 to peer 0x55a5214ad2d0 (18 bytes)
1709119077.564897 sending message 105 to peer 0x55a5214ad2d0 (16 bytes)
1709119077.564901 sending message 105 to peer 0x55a5214ad2d0 (10 bytes)
1709119077.564904 sending message 106 to peer 0x55a5214ad2d0 (0 bytes)
1709119077.564959 sending message 200 to peer 0x55a5214ad2d0 (4 bytes)
1709119077.564964 client loop enter
1709119077.565585 peer 0x55a5214ad2d0 message 303
1709119077.565603 open write file 2 -
1709119077.565614 sending message 305 to peer 0x55a5214ad2d0 (8 bytes)
1709119077.565629 write check file 2
1709119077.565726 peer 0x55a5214ad2d0 message 304
1709119077.565730 write 58 to file 2
1709119077.565735 peer 0x55a5214ad2d0 message 203
1709119077.565738 file 2 58 bytes left
1709119077.565751 write check file 2
1709119077.565754 client loop exit
